<?xml version="1.0" encoding="UTF-8"?>
<!-- Generated by org.testng.reporters.JUnitXMLReporter -->
<testsuite ignored="0" hostname="DESKTOP-57OP23K" failures="2" tests="2" name="Banking APP Test" time="18.016" errors="0" timestamp="2025-08-05T21:40:27 IST">
  <testcase classname="com.inetBanking.testCase.TC_LoginTest_001" name="loginTest" time="3.29">
    <failure type="junit.framework.AssertionFailedError">
      <![CDATA[junit.framework.AssertionFailedError
at junit.framework.Assert.fail(Assert.java:47)
at junit.framework.Assert.assertTrue(Assert.java:20)
at junit.framework.Assert.assertTrue(Assert.java:27)
at com.inetBanking.testCase.TC_LoginTest_001.loginTest(TC_LoginTest_001.java:37)
at java.base/java.util.ArrayList.forEach(ArrayList.java:1596)
... Removed 25 stack frames]]>
    </failure>
  </testcase> <!-- loginTest -->
  <testcase classname="com.inetBanking.testCase.TC_LoginTest_002" name="LoginTestDifferentData" time="0.0">
    <failure type="java.lang.RuntimeException" message="java.lang.NullPointerException: Cannot invoke &amp;quot;org.apache.poi.xssf.usermodel.XSSFSheet.getPhysicalNumberOfRows()&amp;quot; because &amp;quot;this.sheet&amp;quot; is null">
      <![CDATA[java.lang.RuntimeException: java.lang.NullPointerException: Cannot invoke "org.apache.poi.xssf.usermodel.XSSFSheet.getPhysicalNumberOfRows()" because "this.sheet" is null
at java.base/java.util.ArrayList.forEach(ArrayList.java:1596)
Caused by: java.lang.NullPointerException: Cannot invoke "org.apache.poi.xssf.usermodel.XSSFSheet.getPhysicalNumberOfRows()" because "this.sheet" is null
at com.inetBanking.utilities.ExcelUtils.getRowCount(ExcelUtils.java:22)
at com.inetBanking.testCase.TC_LoginTest_002.getData(TC_LoginTest_002.java:28)
... 25 more
... Removed 30 stack frames]]>
    </failure>
  </testcase> <!-- LoginTestDifferentData -->
</testsuite> <!-- Banking APP Test -->
