<?xml version="1.0" encoding="UTF-8"?>
<testng-results ignored="0" total="1" passed="1" failed="0" skipped="0">
  <reporter-output>
  </reporter-output>
  <suite started-at="2025-08-05T22:39:51 IST" name="InetBankingV1" finished-at="2025-08-05T22:40:01 IST" duration-ms="9323">
    <groups>
    </groups>
    <test started-at="2025-08-05T22:39:51 IST" name="Banking APP Test" finished-at="2025-08-05T22:40:01 IST" duration-ms="9323">
      <class name="com.inetBanking.testCase.TC_LoginTest_001">
        <test-method is-config="true" signature="setup(java.lang.String)[pri:0, instance:com.inetBanking.testCase.TC_LoginTest_001@4b2bac3f]" started-at="2025-08-05T22:39:52 IST" name="setup" finished-at="2025-08-05T22:39:58 IST" duration-ms="5925" status="PASS">
          <params>
            <param index="0">
              <value>
                <![CDATA[chrome]]>
              </value>
            </param>
          </params>
          <reporter-output>
          </reporter-output>
        </test-method> <!-- setup -->
        <test-method signature="loginTest()[pri:0, instance:com.inetBanking.testCase.TC_LoginTest_001@4b2bac3f]" started-at="2025-08-05T22:39:58 IST" name="loginTest" finished-at="2025-08-05T22:40:01 IST" duration-ms="2838" status="PASS">
          <reporter-output>
          </reporter-output>
        </test-method> <!-- loginTest -->
      </class> <!-- com.inetBanking.testCase.TC_LoginTest_001 -->
    </test> <!-- Banking APP Test -->
  </suite> <!-- InetBankingV1 -->
</testng-results>
