<?xml version="1.0" encoding="UTF-8"?>
<!-- Generated by org.testng.reporters.JUnitXMLReporter -->
<testsuite ignored="0" hostname="DESKTOP-57OP23K" failures="1" tests="1" name="Banking APP Test(failed)" time="9.661" errors="0" timestamp="2025-08-05T21:32:33 IST">
  <testcase classname="com.inetBanking.testCase.TC_LoginTest_002" name="LoginTestDifferentData" time="0.0">
    <failure type="java.lang.RuntimeException" message="java.lang.NullPointerException: Cannot invoke &amp;quot;org.apache.poi.xssf.usermodel.XSSFSheet.getPhysicalNumberOfRows()&amp;quot; because &amp;quot;this.sheet&amp;quot; is null">
      <![CDATA[java.lang.RuntimeException: java.lang.NullPointerException: Cannot invoke "org.apache.poi.xssf.usermodel.XSSFSheet.getPhysicalNumberOfRows()" because "this.sheet" is null
at java.base/java.util.ArrayList.forEach(ArrayList.java:1596)
Caused by: java.lang.NullPointerException: Cannot invoke "org.apache.poi.xssf.usermodel.XSSFSheet.getPhysicalNumberOfRows()" because "this.sheet" is null
at com.inetBanking.utilities.ExcelUtils.getRowCount(ExcelUtils.java:22)
at com.inetBanking.testCase.TC_LoginTest_002.getData(TC_LoginTest_002.java:28)
... 25 more
... Removed 30 stack frames]]>
    </failure>
  </testcase> <!-- LoginTestDifferentData -->
</testsuite> <!-- Banking APP Test(failed) -->
